{"/Users/natchanonpornprasatpol/Desktop/testDel/yummy-list/src/App.tsx": {"path":"/Users/natchanonpornprasatpol/Desktop/testDel/yummy-list/src/App.tsx","statementMap":{"0":{"start":{"line":1,"column":0},"end":{"line":1,"column":37}},"1":{"start":{"line":2,"column":0},"end":{"line":2,"column":54}},"2":{"start":{"line":4,"column":0},"end":{"line":4,"column":null}},"3":{"start":{"line":9,"column":0},"end":{"line":9,"column":40}},"4":{"start":{"line":24,"column":52},"end":{"line":27,"column":null}},"5":{"start":{"line":25,"column":2},"end":{"line":26,"column":null}},"6":{"start":{"line":30,"column":36},"end":{"line":33,"column":null}},"7":{"start":{"line":31,"column":2},"end":{"line":32,"column":null}},"8":{"start":{"line":37,"column":28},"end":{"line":37,"column":40}},"9":{"start":{"line":38,"column":43},"end":{"line":42,"column":4}},"10":{"start":{"line":44,"column":15},"end":{"line":50,"column":4}},"11":{"start":{"line":47,"column":8},"end":{"line":47,"column":null}},"12":{"start":{"line":51,"column":16},"end":{"line":51,"column":37}},"13":{"start":{"line":54,"column":6},"end":{"line":54,"column":16}},"14":{"start":{"line":57,"column":22},"end":{"line":57,"column":26}},"15":{"start":{"line":59,"column":4},"end":{"line":59,"column":null}},"16":{"start":{"line":60,"column":4},"end":{"line":60,"column":null}},"17":{"start":{"line":64,"column":4},"end":{"line":64,"column":null}},"18":{"start":{"line":67,"column":2},"end":{"line":155,"column":null}},"19":{"start":{"line":90,"column":29},"end":{"line":90,"column":41}},"20":{"start":{"line":93,"column":33},"end":{"line":93,"column":45}},"21":{"start":{"line":111,"column":18},"end":{"line":119,"column":null}},"22":{"start":{"line":143,"column":18},"end":{"line":144,"column":null}},"23":{"start":{"line":146,"column":36},"end":{"line":146,"column":55}},"24":{"start":{"line":158,"column":0},"end":{"line":158,"column":null}}},"fnMap":{"0":{"name":"(anonymous_0)","decl":{"start":{"line":24,"column":52},"end":{"line":24,"column":53}},"loc":{"start":{"line":25,"column":2},"end":{"line":26,"column":null}}},"1":{"name":"(anonymous_1)","decl":{"start":{"line":30,"column":36},"end":{"line":30,"column":37}},"loc":{"start":{"line":31,"column":2},"end":{"line":32,"column":null}}},"2":{"name":"App","decl":{"start":{"line":36,"column":9},"end":{"line":36,"column":12}},"loc":{"start":{"line":36,"column":12},"end":{"line":156,"column":1}}},"3":{"name":"(anonymous_3)","decl":{"start":{"line":46,"column":6},"end":{"line":46,"column":13}},"loc":{"start":{"line":46,"column":19},"end":{"line":48,"column":7}}},"4":{"name":"addTodo","decl":{"start":{"line":56,"column":11},"end":{"line":56,"column":18}},"loc":{"start":{"line":56,"column":38},"end":{"line":61,"column":3}}},"5":{"name":"deleteTodo","decl":{"start":{"line":63,"column":11},"end":{"line":63,"column":21}},"loc":{"start":{"line":63,"column":36},"end":{"line":65,"column":3}}},"6":{"name":"(anonymous_6)","decl":{"start":{"line":90,"column":23},"end":{"line":90,"column":26}},"loc":{"start":{"line":90,"column":29},"end":{"line":90,"column":41}}},"7":{"name":"(anonymous_7)","decl":{"start":{"line":93,"column":27},"end":{"line":93,"column":30}},"loc":{"start":{"line":93,"column":33},"end":{"line":93,"column":45}}},"8":{"name":"(anonymous_8)","decl":{"start":{"line":110,"column":24},"end":{"line":110,"column":25}},"loc":{"start":{"line":111,"column":18},"end":{"line":119,"column":null}}},"9":{"name":"(anonymous_9)","decl":{"start":{"line":142,"column":27},"end":{"line":142,"column":31}},"loc":{"start":{"line":143,"column":18},"end":{"line":144,"column":null}}},"10":{"name":"(anonymous_10)","decl":{"start":{"line":146,"column":30},"end":{"line":146,"column":33}},"loc":{"start":{"line":146,"column":36},"end":{"line":146,"column":55}}}},"branchMap":{"0":{"loc":{"start":{"line":51,"column":16},"end":{"line":51,"column":37}},"type":"binary-expr","locations":[{"start":{"line":51,"column":16},"end":{"line":51,"column":31}},{"start":{"line":51,"column":35},"end":{"line":51,"column":37}}]},"1":{"loc":{"start":{"line":82,"column":11},"end":{"line":102,"column":null}},"type":"binary-expr","locations":[{"start":{"line":82,"column":11},"end":{"line":82,"column":27}},{"start":{"line":83,"column":12},"end":{"line":101,"column":null}}]},"2":{"loc":{"start":{"line":117,"column":25},"end":{"line":117,"column":105}},"type":"binary-expr","locations":[{"start":{"line":117,"column":25},"end":{"line":117,"column":52}},{"start":{"line":117,"column":56},"end":{"line":117,"column":105}}]},"3":{"loc":{"start":{"line":118,"column":25},"end":{"line":118,"column":109}},"type":"binary-expr","locations":[{"start":{"line":118,"column":25},"end":{"line":118,"column":51}},{"start":{"line":118,"column":55},"end":{"line":118,"column":109}}]},"4":{"loc":{"start":{"line":130,"column":13},"end":{"line":133,"column":null}},"type":"binary-expr","locations":[{"start":{"line":130,"column":13},"end":{"line":130,"column":22}},{"start":{"line":131,"column":14},"end":{"line":132,"column":null}}]},"5":{"loc":{"start":{"line":135,"column":13},"end":{"line":138,"column":null}},"type":"binary-expr","locations":[{"start":{"line":135,"column":13},"end":{"line":135,"column":23}},{"start":{"line":135,"column":27},"end":{"line":135,"column":44}},{"start":{"line":136,"column":14},"end":{"line":136,"column":null}}]},"6":{"loc":{"start":{"line":140,"column":13},"end":{"line":149,"column":null}},"type":"binary-expr","locations":[{"start":{"line":140,"column":13},"end":{"line":140,"column":23}},{"start":{"line":140,"column":27},"end":{"line":140,"column":43}},{"start":{"line":141,"column":14},"end":{"line":148,"column":null}}]}},"s":{"0":1,"1":1,"2":1,"3":1,"4":1,"5":0,"6":1,"7":0,"8":1,"9":1,"10":1,"11":0,"12":1,"13":1,"14":0,"15":0,"16":0,"17":0,"18":1,"19":0,"20":0,"21":1,"22":0,"23":0,"24":1},"f":{"0":0,"1":0,"2":1,"3":0,"4":0,"5":0,"6":0,"7":0,"8":1,"9":0,"10":0},"b":{"0":[1,1],"1":[1,0],"2":[1,1],"3":[1,0],"4":[1,1],"5":[1,0,0],"6":[1,0,0]}}
,"/Users/natchanonpornprasatpol/Desktop/testDel/yummy-list/src/todos.ts": {"path":"/Users/natchanonpornprasatpol/Desktop/testDel/yummy-list/src/todos.ts","statementMap":{"0":{"start":{"line":1,"column":0},"end":{"line":1,"column":77}},"1":{"start":{"line":2,"column":0},"end":{"line":2,"column":41}},"2":{"start":{"line":4,"column":12},"end":{"line":4,"column":42}},"3":{"start":{"line":21,"column":16},"end":{"line":28,"column":null}},"4":{"start":{"line":23,"column":4},"end":{"line":23,"column":51}},"5":{"start":{"line":23,"column":42},"end":{"line":23,"column":50}},"6":{"start":{"line":25,"column":4},"end":{"line":25,"column":58}},"7":{"start":{"line":25,"column":49},"end":{"line":25,"column":57}},"8":{"start":{"line":27,"column":4},"end":{"line":27,"column":60}},"9":{"start":{"line":27,"column":51},"end":{"line":27,"column":59}},"10":{"start":{"line":30,"column":23},"end":{"line":69,"column":1}},"11":{"start":{"line":31,"column":19},"end":{"line":31,"column":28}},"12":{"start":{"line":32,"column":22},"end":{"line":32,"column":38}},"13":{"start":{"line":34,"column":16},"end":{"line":37,"column":4}},"14":{"start":{"line":38,"column":16},"end":{"line":38,"column":32}},"15":{"start":{"line":40,"column":22},"end":{"line":52,"column":4}},"16":{"start":{"line":43,"column":6},"end":{"line":45,"column":null}},"17":{"start":{"line":49,"column":6},"end":{"line":49,"column":null}},"18":{"start":{"line":50,"column":6},"end":{"line":50,"column":null}},"19":{"start":{"line":54,"column":25},"end":{"line":61,"column":4}},"20":{"start":{"line":57,"column":6},"end":{"line":59,"column":null}},"21":{"start":{"line":59,"column":30},"end":{"line":59,"column":49}},"22":{"start":{"line":63,"column":2},"end":{"line":68,"column":null}},"23":{"start":{"line":30,"column":13},"end":{"line":30,"column":23}}},"fnMap":{"0":{"name":"(anonymous_0)","decl":{"start":{"line":22,"column":13},"end":{"line":22,"column":33}},"loc":{"start":{"line":23,"column":4},"end":{"line":23,"column":51}}},"1":{"name":"(anonymous_1)","decl":{"start":{"line":23,"column":35},"end":{"line":23,"column":38}},"loc":{"start":{"line":23,"column":42},"end":{"line":23,"column":50}}},"2":{"name":"(anonymous_2)","decl":{"start":{"line":24,"column":11},"end":{"line":24,"column":12}},"loc":{"start":{"line":25,"column":4},"end":{"line":25,"column":58}}},"3":{"name":"(anonymous_3)","decl":{"start":{"line":25,"column":42},"end":{"line":25,"column":45}},"loc":{"start":{"line":25,"column":49},"end":{"line":25,"column":57}}},"4":{"name":"(anonymous_4)","decl":{"start":{"line":26,"column":14},"end":{"line":26,"column":15}},"loc":{"start":{"line":27,"column":4},"end":{"line":27,"column":60}}},"5":{"name":"(anonymous_5)","decl":{"start":{"line":27,"column":44},"end":{"line":27,"column":47}},"loc":{"start":{"line":27,"column":51},"end":{"line":27,"column":59}}},"6":{"name":"(anonymous_6)","decl":{"start":{"line":30,"column":23},"end":{"line":30,"column":24}},"loc":{"start":{"line":30,"column":52},"end":{"line":69,"column":1}}},"7":{"name":"(anonymous_7)","decl":{"start":{"line":42,"column":15},"end":{"line":42,"column":16}},"loc":{"start":{"line":42,"column":24},"end":{"line":46,"column":5}}},"8":{"name":"(anonymous_8)","decl":{"start":{"line":48,"column":4},"end":{"line":48,"column":11}},"loc":{"start":{"line":48,"column":39},"end":{"line":51,"column":5}}},"9":{"name":"(anonymous_9)","decl":{"start":{"line":56,"column":15},"end":{"line":56,"column":16}},"loc":{"start":{"line":56,"column":24},"end":{"line":60,"column":5}}},"10":{"name":"(anonymous_10)","decl":{"start":{"line":59,"column":22},"end":{"line":59,"column":26}},"loc":{"start":{"line":59,"column":30},"end":{"line":59,"column":49}}}},"branchMap":{"0":{"loc":{"start":{"line":4,"column":12},"end":{"line":4,"column":42}},"type":"binary-expr","locations":[{"start":{"line":4,"column":12},"end":{"line":4,"column":36}},{"start":{"line":4,"column":40},"end":{"line":4,"column":42}}]},"1":{"loc":{"start":{"line":38,"column":16},"end":{"line":38,"column":32}},"type":"binary-expr","locations":[{"start":{"line":38,"column":16},"end":{"line":38,"column":26}},{"start":{"line":38,"column":30},"end":{"line":38,"column":32}}]},"2":{"loc":{"start":{"line":50,"column":6},"end":{"line":50,"column":108}},"type":"binary-expr","locations":[{"start":{"line":50,"column":6},"end":{"line":50,"column":35}},{"start":{"line":50,"column":39},"end":{"line":50,"column":108}}]}},"s":{"0":1,"1":1,"2":1,"3":1,"4":1,"5":0,"6":0,"7":0,"8":0,"9":0,"10":1,"11":1,"12":1,"13":1,"14":1,"15":1,"16":0,"17":0,"18":0,"19":1,"20":0,"21":0,"22":1,"23":1},"f":{"0":1,"1":0,"2":0,"3":0,"4":0,"5":0,"6":1,"7":0,"8":0,"9":0,"10":0},"b":{"0":[1,1],"1":[1,1],"2":[0,0]}}
}
