TN:
SF:src/App.tsx
FN:24,(anonymous_0)
FN:30,(anonymous_1)
FN:36,App
FN:46,(anonymous_3)
FN:56,addTodo
FN:63,deleteTodo
FN:90,(anonymous_6)
FN:93,(anonymous_7)
FN:110,(anonymous_8)
FN:142,(anonymous_9)
FN:146,(anonymous_10)
FNF:11
FNH:2
FNDA:0,(anonymous_0)
FNDA:0,(anonymous_1)
FNDA:1,App
FNDA:0,(anonymous_3)
FNDA:0,addTodo
FNDA:0,deleteTodo
FNDA:0,(anonymous_6)
FNDA:0,(anonymous_7)
FNDA:1,(anonymous_8)
FNDA:0,(anonymous_9)
FNDA:0,(anonymous_10)
DA:1,1
DA:2,1
DA:4,1
DA:9,1
DA:24,1
DA:25,0
DA:30,1
DA:31,0
DA:37,1
DA:38,1
DA:44,1
DA:47,0
DA:51,1
DA:54,1
DA:57,0
DA:59,0
DA:60,0
DA:64,0
DA:67,1
DA:90,0
DA:93,0
DA:111,1
DA:143,0
DA:146,0
DA:158,1
LF:25
LH:14
BRDA:51,0,0,1
BRDA:51,0,1,1
BRDA:82,1,0,1
BRDA:82,1,1,0
BRDA:117,2,0,1
BRDA:117,2,1,1
BRDA:118,3,0,1
BRDA:118,3,1,0
BRDA:130,4,0,1
BRDA:130,4,1,1
BRDA:135,5,0,1
BRDA:135,5,1,0
BRDA:135,5,2,0
BRDA:140,6,0,1
BRDA:140,6,1,0
BRDA:140,6,2,0
BRF:16
BRH:10
end_of_record
TN:
SF:src/todos.ts
FN:22,(anonymous_0)
FN:23,(anonymous_1)
FN:24,(anonymous_2)
FN:25,(anonymous_3)
FN:26,(anonymous_4)
FN:27,(anonymous_5)
FN:30,(anonymous_6)
FN:42,(anonymous_7)
FN:48,(anonymous_8)
FN:56,(anonymous_9)
FN:59,(anonymous_10)
FNF:11
FNH:2
FNDA:1,(anonymous_0)
FNDA:0,(anonymous_1)
FNDA:0,(anonymous_2)
FNDA:0,(anonymous_3)
FNDA:0,(anonymous_4)
FNDA:0,(anonymous_5)
FNDA:1,(anonymous_6)
FNDA:0,(anonymous_7)
FNDA:0,(anonymous_8)
FNDA:0,(anonymous_9)
FNDA:0,(anonymous_10)
DA:1,1
DA:2,1
DA:4,1
DA:21,1
DA:23,1
DA:25,0
DA:27,0
DA:30,1
DA:31,1
DA:32,1
DA:34,1
DA:38,1
DA:40,1
DA:43,0
DA:49,0
DA:50,0
DA:54,1
DA:57,0
DA:59,0
DA:63,1
LF:20
LH:13
BRDA:4,0,0,1
BRDA:4,0,1,1
BRDA:38,1,0,1
BRDA:38,1,1,1
BRDA:50,2,0,0
BRDA:50,2,1,0
BRF:6
BRH:4
end_of_record
